<?xml version="1.0" encoding="UTF-8"?>
<testng-results ignored="0" total="1" passed="1" failed="0" skipped="0">
  <reporter-output>
  </reporter-output>
  <suite started-at="2025-08-18T11:24:39 IST" name="Default suite" finished-at="2025-08-18T11:24:39 IST" duration-ms="52">
    <groups>
    </groups>
    <test started-at="2025-08-18T11:24:39 IST" name="Default test" finished-at="2025-08-18T11:24:39 IST" duration-ms="52">
      <class name="test.NewTest">
        <test-method is-config="true" signature="beforeClass()[pri:0, instance:test.NewTest@b2c9a9c]" started-at="2025-08-18T11:24:39 IST" name="beforeClass" finished-at="2025-08-18T11:24:39 IST" duration-ms="11" status="PASS">
          <reporter-output>
          </reporter-output>
        </test-method> <!-- beforeClass -->
        <test-method is-config="true" signature="beforeMethod()[pri:0, instance:test.NewTest@b2c9a9c]" started-at="2025-08-18T11:24:39 IST" name="beforeMethod" finished-at="2025-08-18T11:24:39 IST" duration-ms="0" status="PASS">
          <reporter-output>
          </reporter-output>
        </test-method> <!-- beforeMethod -->
        <test-method signature="f()[pri:0, instance:test.NewTest@b2c9a9c]" started-at="2025-08-18T11:24:39 IST" name="f" finished-at="2025-08-18T11:24:39 IST" duration-ms="6" status="PASS">
          <reporter-output>
          </reporter-output>
        </test-method> <!-- f -->
        <test-method is-config="true" signature="afterMethod()[pri:0, instance:test.NewTest@b2c9a9c]" started-at="2025-08-18T11:24:39 IST" name="afterMethod" finished-at="2025-08-18T11:24:39 IST" duration-ms="0" status="PASS">
          <reporter-output>
          </reporter-output>
        </test-method> <!-- afterMethod -->
        <test-method is-config="true" signature="afterClass()[pri:0, instance:test.NewTest@b2c9a9c]" started-at="2025-08-18T11:24:39 IST" name="afterClass" finished-at="2025-08-18T11:24:39 IST" duration-ms="0" status="PASS">
          <reporter-output>
          </reporter-output>
        </test-method> <!-- afterClass -->
      </class> <!-- test.NewTest -->
    </test> <!-- Default test -->
  </suite> <!-- Default suite -->
</testng-results>
