<?xml version="1.0" encoding="UTF-8"?>
<testng-results ignored="0" total="4" passed="4" failed="0" skipped="0">
  <reporter-output>
  </reporter-output>
  <suite started-at="2025-08-18T12:56:42 IST" name="Default suite" finished-at="2025-08-18T12:56:42 IST" duration-ms="55">
    <groups>
    </groups>
    <test started-at="2025-08-18T12:56:42 IST" name="Default test" finished-at="2025-08-18T12:56:42 IST" duration-ms="55">
      <class name="com.example.app.CalculatorTest">
        <test-method is-config="true" signature="setUp()[pri:0, instance:com.example.app.CalculatorTest@235834f2]" started-at="2025-08-18T12:56:42 IST" name="setUp" finished-at="2025-08-18T12:56:42 IST" duration-ms="16" status="PASS">
          <reporter-output>
          </reporter-output>
        </test-method> <!-- setUp -->
        <test-method signature="testDivide()[pri:0, instance:com.example.app.CalculatorTest@235834f2]" started-at="2025-08-18T12:56:42 IST" name="testDivide" finished-at="2025-08-18T12:56:42 IST" duration-ms="6" status="PASS">
          <reporter-output>
          </reporter-output>
        </test-method> <!-- testDivide -->
        <test-method signature="testMultiply()[pri:1, instance:com.example.app.CalculatorTest@235834f2]" started-at="2025-08-18T12:56:42 IST" name="testMultiply" finished-at="2025-08-18T12:56:42 IST" duration-ms="2" status="PASS">
          <reporter-output>
          </reporter-output>
        </test-method> <!-- testMultiply -->
        <test-method signature="testSubtract()[pri:2, instance:com.example.app.CalculatorTest@235834f2]" started-at="2025-08-18T12:56:42 IST" name="testSubtract" finished-at="2025-08-18T12:56:42 IST" duration-ms="1" status="PASS">
          <reporter-output>
          </reporter-output>
        </test-method> <!-- testSubtract -->
        <test-method signature="testAdd()[pri:3, instance:com.example.app.CalculatorTest@235834f2]" started-at="2025-08-18T12:56:42 IST" name="testAdd" finished-at="2025-08-18T12:56:42 IST" duration-ms="1" status="PASS">
          <reporter-output>
          </reporter-output>
        </test-method> <!-- testAdd -->
      </class> <!-- com.example.app.CalculatorTest -->
    </test> <!-- Default test -->
  </suite> <!-- Default suite -->
</testng-results>
