<?xml version="1.0" encoding="UTF-8"?>
<!-- Generated by org.testng.reporters.JUnitXMLReporter -->
<testsuite ignored="2" hostname="SAI" failures="0" tests="3" name="Test" time="28.649" errors="0" timestamp="2025-09-01T16:43:57 IST">
  <testcase classname="tests.HomePageTests" name="testFormSelectionsAndFileUpload" time="6.359"/>
  <testcase classname="tests.HomePageTests" name="testMultipleFileUpload" time="5.087"/>
  <testcase classname="tests.HomePageTests" name="testSingleFileUpload" time="5.051"/>
  <testcase classname="tests.BaseTest" name="@BeforeSuite setupExtent" time="0.0">
    <ignored/>
  </testcase> <!-- @BeforeSuite setupExtent -->
  <testcase classname="tests.BaseTest" name="@AfterSuite tearDownExtent" time="0.0">
    <ignored/>
  </testcase> <!-- @AfterSuite tearDownExtent -->
</testsuite> <!-- Test -->
