<?xml version="1.0" encoding="UTF-8"?>
<!-- Generated by org.testng.reporters.JUnitXMLReporter -->
<testsuite ignored="0" hostname="SAI" failures="0" tests="3" name="Default test" time="36.881" errors="0" timestamp="2025-09-01T16:49:49 IST">
  <testcase classname="tests.HomePageTests" name="testFormSelectionsAndFileUpload" time="6.593"/>
  <testcase classname="tests.HomePageTests" name="testMultipleFileUpload" time="8.088"/>
  <testcase classname="tests.HomePageTests" name="testSingleFileUpload" time="8.061"/>
</testsuite> <!-- Default test -->
