<?xml version="1.0" encoding="UTF-8"?>
<!-- Generated by org.testng.reporters.JUnitXMLReporter -->
<testsuite ignored="0" hostname="SAI" failures="0" tests="4" name="Default test" time="0.055" errors="0" timestamp="2025-08-18T12:56:42 IST">
  <testcase classname="com.example.app.CalculatorTest" name="testDivide" time="0.006"/>
  <testcase classname="com.example.app.CalculatorTest" name="testMultiply" time="0.002"/>
  <testcase classname="com.example.app.CalculatorTest" name="testSubtract" time="0.001"/>
  <testcase classname="com.example.app.CalculatorTest" name="testAdd" time="0.001"/>
</testsuite> <!-- Default test -->
