<?xml version="1.0" encoding="UTF-8"?>
<testng-results ignored="0" total="2" passed="2" failed="0" skipped="0">
  <reporter-output>
  </reporter-output>
  <suite started-at="2025-09-01T14:39:19 IST" name="Default suite" finished-at="2025-09-01T14:39:41 IST" duration-ms="22443">
    <groups>
    </groups>
    <test started-at="2025-09-01T14:39:19 IST" name="Default test" finished-at="2025-09-01T14:39:41 IST" duration-ms="22443">
      <class name="com.myapp.OrangeHRMLoginTest">
        <test-method is-config="true" signature="setUp()[pri:0, instance:com.myapp.OrangeHRMLoginTest@5c671d7f]" started-at="2025-09-01T14:39:19 IST" name="setUp" finished-at="2025-09-01T14:39:26 IST" duration-ms="7010" status="PASS">
          <reporter-output>
          </reporter-output>
        </test-method> <!-- setUp -->
        <test-method signature="testInvalidLogin()[pri:0, instance:com.myapp.OrangeHRMLoginTest@5c671d7f]" started-at="2025-09-01T14:39:26 IST" name="testInvalidLogin" finished-at="2025-09-01T14:39:30 IST" duration-ms="3771" status="PASS">
          <reporter-output>
          </reporter-output>
        </test-method> <!-- testInvalidLogin -->
        <test-method is-config="true" signature="tearDown()[pri:0, instance:com.myapp.OrangeHRMLoginTest@5c671d7f]" started-at="2025-09-01T14:39:30 IST" name="tearDown" finished-at="2025-09-01T14:39:30 IST" duration-ms="263" status="PASS">
          <reporter-output>
          </reporter-output>
        </test-method> <!-- tearDown -->
        <test-method is-config="true" signature="setUp()[pri:0, instance:com.myapp.OrangeHRMLoginTest@5c671d7f]" started-at="2025-09-01T14:39:30 IST" name="setUp" finished-at="2025-09-01T14:39:34 IST" duration-ms="3937" status="PASS">
          <reporter-output>
          </reporter-output>
        </test-method> <!-- setUp -->
        <test-method signature="testValidLogin()[pri:0, instance:com.myapp.OrangeHRMLoginTest@5c671d7f]" started-at="2025-09-01T14:39:34 IST" name="testValidLogin" finished-at="2025-09-01T14:39:41 IST" duration-ms="7222" status="PASS">
          <reporter-output>
          </reporter-output>
        </test-method> <!-- testValidLogin -->
        <test-method is-config="true" signature="tearDown()[pri:0, instance:com.myapp.OrangeHRMLoginTest@5c671d7f]" started-at="2025-09-01T14:39:41 IST" name="tearDown" finished-at="2025-09-01T14:39:41 IST" duration-ms="199" status="PASS">
          <reporter-output>
          </reporter-output>
        </test-method> <!-- tearDown -->
      </class> <!-- com.myapp.OrangeHRMLoginTest -->
    </test> <!-- Default test -->
  </suite> <!-- Default suite -->
</testng-results>
